<?xml version="1.0" encoding="UTF-8"?>
<!-- Generated by org.testng.reporters.JUnitReportReporter -->
<testsuite hostname="Devos-MacBook-Air.local" failures="0" tests="17" name="runners.TestRunner" time="60.708" errors="0" timestamp="2025-03-24T12:11:47 WIB" skipped="0">
  <testcase classname="runners.TestRunner" name="runScenario" time="1.368"/>
  <testcase classname="runners.TestRunner" name="runScenario" time="1.333"/>
  <testcase classname="runners.TestRunner" name="runScenario" time="6.150"/>
  <testcase classname="runners.TestRunner" name="runScenario" time="4.108"/>
  <testcase classname="runners.TestRunner" name="runScenario" time="1.354"/>
  <testcase classname="runners.TestRunner" name="runScenario" time="4.614"/>
  <testcase classname="runners.TestRunner" name="runScenario" time="6.358"/>
  <testcase classname="runners.TestRunner" name="runScenario" time="1.411"/>
  <testcase classname="runners.TestRunner" name="runScenario" time="3.288"/>
  <testcase classname="runners.TestRunner" name="runScenario" time="1.391"/>
  <testcase classname="runners.TestRunner" name="runScenario" time="1.428"/>
  <testcase classname="runners.TestRunner" name="runScenario" time="4.303"/>
  <testcase classname="runners.TestRunner" name="runScenario" time="5.136"/>
  <testcase classname="runners.TestRunner" name="runScenario" time="4.641"/>
  <testcase classname="runners.TestRunner" name="runScenario" time="4.529"/>
  <testcase classname="runners.TestRunner" name="runScenario" time="4.687"/>
  <testcase classname="runners.TestRunner" name="runScenario" time="4.609"/>
</testsuite> <!-- runners.TestRunner -->
