<?xml version="1.0" encoding="UTF-8"?>
<!-- Generated by org.testng.reporters.JUnitReportReporter -->
<testsuite hostname="Devos-MacBook-Air.local" failures="0" tests="17" name="runners.TestRunner" time="174.504" errors="0" timestamp="2025-03-20T12:05:22 WIB" skipped="0">
  <testcase classname="runners.TestRunner" name="runScenario" time="8.482"/>
  <testcase classname="runners.TestRunner" name="runScenario" time="10.040"/>
  <testcase classname="runners.TestRunner" name="runScenario" time="11.077"/>
  <testcase classname="runners.TestRunner" name="runScenario" time="17.177"/>
  <testcase classname="runners.TestRunner" name="runScenario" time="10.901"/>
  <testcase classname="runners.TestRunner" name="runScenario" time="10.770"/>
  <testcase classname="runners.TestRunner" name="runScenario" time="7.150"/>
  <testcase classname="runners.TestRunner" name="runScenario" time="7.146"/>
  <testcase classname="runners.TestRunner" name="runScenario" time="17.197"/>
  <testcase classname="runners.TestRunner" name="runScenario" time="10.237"/>
  <testcase classname="runners.TestRunner" name="runScenario" time="10.138"/>
  <testcase classname="runners.TestRunner" name="runScenario" time="12.184"/>
  <testcase classname="runners.TestRunner" name="runScenario" time="7.154"/>
  <testcase classname="runners.TestRunner" name="runScenario" time="9.930"/>
  <testcase classname="runners.TestRunner" name="runScenario" time="7.213"/>
  <testcase classname="runners.TestRunner" name="runScenario" time="10.634"/>
  <testcase classname="runners.TestRunner" name="runScenario" time="7.074"/>
</testsuite> <!-- runners.TestRunner -->
