<?xml version="1.0" encoding="UTF-8"?>
<!-- Generated by org.testng.reporters.JUnitReportReporter -->
<testsuite hostname="Devos-MacBook-Air.local" failures="0" tests="17" name="runners.TestRunner" time="59.588" errors="0" timestamp="2025-03-24T13:54:47 WIB" skipped="0">
  <testcase classname="runners.TestRunner" name="runScenario" time="1.316"/>
  <testcase classname="runners.TestRunner" name="runScenario" time="1.346"/>
  <testcase classname="runners.TestRunner" name="runScenario" time="4.284"/>
  <testcase classname="runners.TestRunner" name="runScenario" time="6.290"/>
  <testcase classname="runners.TestRunner" name="runScenario" time="4.421"/>
  <testcase classname="runners.TestRunner" name="runScenario" time="1.244"/>
  <testcase classname="runners.TestRunner" name="runScenario" time="4.795"/>
  <testcase classname="runners.TestRunner" name="runScenario" time="4.365"/>
  <testcase classname="runners.TestRunner" name="runScenario" time="4.287"/>
  <testcase classname="runners.TestRunner" name="runScenario" time="3.353"/>
  <testcase classname="runners.TestRunner" name="runScenario" time="4.868"/>
  <testcase classname="runners.TestRunner" name="runScenario" time="1.267"/>
  <testcase classname="runners.TestRunner" name="runScenario" time="6.316"/>
  <testcase classname="runners.TestRunner" name="runScenario" time="1.364"/>
  <testcase classname="runners.TestRunner" name="runScenario" time="4.583"/>
  <testcase classname="runners.TestRunner" name="runScenario" time="4.131"/>
  <testcase classname="runners.TestRunner" name="runScenario" time="1.358"/>
</testsuite> <!-- runners.TestRunner -->
