<?xml version="1.0" encoding="UTF-8"?>
<!-- Generated by org.testng.reporters.JUnitReportReporter -->
<testsuite hostname="Devos-MacBook-Air.local" failures="0" tests="17" name="runners.TestRunner" time="179.750" errors="0" timestamp="2025-03-06T09:59:22 WIB" skipped="0">
  <testcase classname="runners.TestRunner" name="runScenario" time="10.301"/>
  <testcase classname="runners.TestRunner" name="runScenario" time="7.019"/>
  <testcase classname="runners.TestRunner" name="runScenario" time="13.532"/>
  <testcase classname="runners.TestRunner" name="runScenario" time="6.986"/>
  <testcase classname="runners.TestRunner" name="runScenario" time="17.866"/>
  <testcase classname="runners.TestRunner" name="runScenario" time="10.039"/>
  <testcase classname="runners.TestRunner" name="runScenario" time="17.295"/>
  <testcase classname="runners.TestRunner" name="runScenario" time="12.286"/>
  <testcase classname="runners.TestRunner" name="runScenario" time="12.395"/>
  <testcase classname="runners.TestRunner" name="runScenario" time="10.196"/>
  <testcase classname="runners.TestRunner" name="runScenario" time="9.946"/>
  <testcase classname="runners.TestRunner" name="runScenario" time="11.223"/>
  <testcase classname="runners.TestRunner" name="runScenario" time="7.062"/>
  <testcase classname="runners.TestRunner" name="runScenario" time="7.135"/>
  <testcase classname="runners.TestRunner" name="runScenario" time="10.965"/>
  <testcase classname="runners.TestRunner" name="runScenario" time="7.038"/>
  <testcase classname="runners.TestRunner" name="runScenario" time="8.466"/>
</testsuite> <!-- runners.TestRunner -->
