<?xml version="1.0" encoding="UTF-8"?>
<!-- Generated by org.testng.reporters.JUnitReportReporter -->
<testsuite hostname="Devos-MacBook-Air.local" failures="0" tests="10" name="runners.TestRunner" time="83.041" errors="0" timestamp="2025-02-20T16:49:12 WIB" skipped="0">
  <testcase classname="runners.TestRunner" name="runScenario" time="6.975"/>
  <testcase classname="runners.TestRunner" name="runScenario" time="6.838"/>
  <testcase classname="runners.TestRunner" name="runScenario" time="7.160"/>
  <testcase classname="runners.TestRunner" name="runScenario" time="6.869"/>
  <testcase classname="runners.TestRunner" name="runScenario" time="7.425"/>
  <testcase classname="runners.TestRunner" name="runScenario" time="7.454"/>
  <testcase classname="runners.TestRunner" name="runScenario" time="7.320"/>
  <testcase classname="runners.TestRunner" name="runScenario" time="15.031"/>
  <testcase classname="runners.TestRunner" name="runScenario" time="8.929"/>
  <testcase classname="runners.TestRunner" name="runScenario" time="9.040"/>
</testsuite> <!-- runners.TestRunner -->
