<?xml version="1.0" encoding="UTF-8"?>
<!-- Generated by org.testng.reporters.JUnitReportReporter -->
<testsuite hostname="Devos-MacBook-Air.local" failures="0" tests="17" name="runners.TestRunner" time="59.070" errors="0" timestamp="2025-03-24T12:17:08 WIB" skipped="0">
  <testcase classname="runners.TestRunner" name="runScenario" time="4.218"/>
  <testcase classname="runners.TestRunner" name="runScenario" time="4.255"/>
  <testcase classname="runners.TestRunner" name="runScenario" time="1.415"/>
  <testcase classname="runners.TestRunner" name="runScenario" time="1.242"/>
  <testcase classname="runners.TestRunner" name="runScenario" time="1.341"/>
  <testcase classname="runners.TestRunner" name="runScenario" time="4.152"/>
  <testcase classname="runners.TestRunner" name="runScenario" time="6.251"/>
  <testcase classname="runners.TestRunner" name="runScenario" time="1.410"/>
  <testcase classname="runners.TestRunner" name="runScenario" time="4.546"/>
  <testcase classname="runners.TestRunner" name="runScenario" time="4.742"/>
  <testcase classname="runners.TestRunner" name="runScenario" time="4.789"/>
  <testcase classname="runners.TestRunner" name="runScenario" time="4.582"/>
  <testcase classname="runners.TestRunner" name="runScenario" time="1.143"/>
  <testcase classname="runners.TestRunner" name="runScenario" time="6.187"/>
  <testcase classname="runners.TestRunner" name="runScenario" time="4.199"/>
  <testcase classname="runners.TestRunner" name="runScenario" time="3.336"/>
  <testcase classname="runners.TestRunner" name="runScenario" time="1.262"/>
</testsuite> <!-- runners.TestRunner -->
