<?xml version="1.0" encoding="UTF-8"?>
<!-- Generated by org.testng.reporters.JUnitReportReporter -->
<testsuite hostname="Devos-MacBook-Air.local" failures="0" tests="6" name="runners.TestRunner" time="33.693" errors="0" timestamp="2025-02-19T16:56:17 WIB" skipped="0">
  <testcase classname="runners.TestRunner" name="runScenario" time="4.957"/>
  <testcase classname="runners.TestRunner" name="runScenario" time="4.692"/>
  <testcase classname="runners.TestRunner" name="runScenario" time="9.503"/>
  <testcase classname="runners.TestRunner" name="runScenario" time="4.824"/>
  <testcase classname="runners.TestRunner" name="runScenario" time="4.890"/>
  <testcase classname="runners.TestRunner" name="runScenario" time="4.827"/>
</testsuite> <!-- runners.TestRunner -->
