<?xml version="1.0" encoding="UTF-8"?>
<!-- Generated by org.testng.reporters.JUnitReportReporter -->
<testsuite hostname="Devos-MacBook-Air.local" failures="0" tests="17" name="runners.TestRunner" time="59.930" errors="0" timestamp="2025-03-21T09:16:32 WIB" skipped="0">
  <testcase classname="runners.TestRunner" name="runScenario" time="1.494"/>
  <testcase classname="runners.TestRunner" name="runScenario" time="4.885"/>
  <testcase classname="runners.TestRunner" name="runScenario" time="1.294"/>
  <testcase classname="runners.TestRunner" name="runScenario" time="4.390"/>
  <testcase classname="runners.TestRunner" name="runScenario" time="1.301"/>
  <testcase classname="runners.TestRunner" name="runScenario" time="4.578"/>
  <testcase classname="runners.TestRunner" name="runScenario" time="4.103"/>
  <testcase classname="runners.TestRunner" name="runScenario" time="1.358"/>
  <testcase classname="runners.TestRunner" name="runScenario" time="6.216"/>
  <testcase classname="runners.TestRunner" name="runScenario" time="4.256"/>
  <testcase classname="runners.TestRunner" name="runScenario" time="4.231"/>
  <testcase classname="runners.TestRunner" name="runScenario" time="1.359"/>
  <testcase classname="runners.TestRunner" name="runScenario" time="4.642"/>
  <testcase classname="runners.TestRunner" name="runScenario" time="4.788"/>
  <testcase classname="runners.TestRunner" name="runScenario" time="3.286"/>
  <testcase classname="runners.TestRunner" name="runScenario" time="6.376"/>
  <testcase classname="runners.TestRunner" name="runScenario" time="1.373"/>
</testsuite> <!-- runners.TestRunner -->
