<?xml version="1.0" encoding="UTF-8"?>
<!-- Generated by org.testng.reporters.JUnitReportReporter -->
<testsuite hostname="Devos-MacBook-Air.local" failures="0" tests="1" name="runners.TestRunner" time="11.135" errors="0" timestamp="2025-02-19T15:19:27 WIB" skipped="0">
  <testcase classname="runners.TestRunner" name="runScenario" time="11.135"/>
</testsuite> <!-- runners.TestRunner -->
