<?xml version="1.0" encoding="UTF-8"?>
<!-- Generated by org.testng.reporters.JUnitReportReporter -->
<testsuite hostname="Devos-MacBook-Air.local" failures="0" tests="7" name="runners.TestRunner" time="56.380" errors="0" timestamp="2025-02-20T11:45:53 WIB" skipped="0">
  <testcase classname="runners.TestRunner" name="runScenario" time="7.016"/>
  <testcase classname="runners.TestRunner" name="runScenario" time="10.943"/>
  <testcase classname="runners.TestRunner" name="runScenario" time="6.795"/>
  <testcase classname="runners.TestRunner" name="runScenario" time="11.115"/>
  <testcase classname="runners.TestRunner" name="runScenario" time="6.681"/>
  <testcase classname="runners.TestRunner" name="runScenario" time="6.976"/>
  <testcase classname="runners.TestRunner" name="runScenario" time="6.854"/>
</testsuite> <!-- runners.TestRunner -->
