<?xml version="1.0" encoding="UTF-8"?>
<!-- Generated by org.testng.reporters.JUnitReportReporter -->
<testsuite hostname="Devos-MacBook-Air.local" failures="0" tests="17" name="runners.TestRunner" time="58.114" errors="0" timestamp="2025-03-24T11:09:17 WIB" skipped="0">
  <testcase classname="runners.TestRunner" name="runScenario" time="4.259"/>
  <testcase classname="runners.TestRunner" name="runScenario" time="4.327"/>
  <testcase classname="runners.TestRunner" name="runScenario" time="4.558"/>
  <testcase classname="runners.TestRunner" name="runScenario" time="3.681"/>
  <testcase classname="runners.TestRunner" name="runScenario" time="1.387"/>
  <testcase classname="runners.TestRunner" name="runScenario" time="4.540"/>
  <testcase classname="runners.TestRunner" name="runScenario" time="4.133"/>
  <testcase classname="runners.TestRunner" name="runScenario" time="1.223"/>
  <testcase classname="runners.TestRunner" name="runScenario" time="1.360"/>
  <testcase classname="runners.TestRunner" name="runScenario" time="6.370"/>
  <testcase classname="runners.TestRunner" name="runScenario" time="1.321"/>
  <testcase classname="runners.TestRunner" name="runScenario" time="1.326"/>
  <testcase classname="runners.TestRunner" name="runScenario" time="4.487"/>
  <testcase classname="runners.TestRunner" name="runScenario" time="3.416"/>
  <testcase classname="runners.TestRunner" name="runScenario" time="6.321"/>
  <testcase classname="runners.TestRunner" name="runScenario" time="1.242"/>
  <testcase classname="runners.TestRunner" name="runScenario" time="4.163"/>
</testsuite> <!-- runners.TestRunner -->
